{"/media/biohazard/New Volume/Development_Ubuntu/e-commerce/src/app.js": {"path":"/media/biohazard/New Volume/Development_Ubuntu/e-commerce/src/app.js","statementMap":{"0":{"start":{"line":1,"column":16},"end":{"line":1,"column":34}},"1":{"start":{"line":2,"column":23},"end":{"line":2,"column":52}},"2":{"start":{"line":3,"column":23},"end":{"line":3,"column":53}},"3":{"start":{"line":4,"column":21},"end":{"line":4,"column":49}},"4":{"start":{"line":5,"column":23},"end":{"line":5,"column":54}},"5":{"start":{"line":6,"column":17},"end":{"line":6,"column":41}},"6":{"start":{"line":7,"column":19},"end":{"line":7,"column":45}},"7":{"start":{"line":8,"column":20},"end":{"line":8,"column":47}},"8":{"start":{"line":10,"column":16},"end":{"line":10,"column":53}},"9":{"start":{"line":12,"column":10},"end":{"line":12,"column":19}},"10":{"start":{"line":13,"column":0},"end":{"line":13,"column":24}},"11":{"start":{"line":20,"column":0},"end":{"line":20,"column":38}},"12":{"start":{"line":21,"column":0},"end":{"line":21,"column":39}},"13":{"start":{"line":22,"column":0},"end":{"line":22,"column":35}},"14":{"start":{"line":23,"column":0},"end":{"line":23,"column":40}},"15":{"start":{"line":24,"column":0},"end":{"line":24,"column":35}},"16":{"start":{"line":25,"column":0},"end":{"line":25,"column":31}},"17":{"start":{"line":26,"column":0},"end":{"line":26,"column":33}},"18":{"start":{"line":28,"column":0},"end":{"line":28,"column":18}}},"fnMap":{},"branchMap":{},"s":{"0":5,"1":5,"2":5,"3":5,"4":5,"5":5,"6":5,"7":5,"8":5,"9":5,"10":5,"11":5,"12":5,"13":5,"14":5,"15":5,"16":5,"17":5,"18":5},"f":{},"b":{},"_coverageSchema":"1a1c01bbd47fc00a2c39e90264f33305004495a9","hash":"84a19821391bbd8b488169942cc781e2d226cda5"}
,"/media/biohazard/New Volume/Development_Ubuntu/e-commerce/src/database/mysql/sequelize.js": {"path":"/media/biohazard/New Volume/Development_Ubuntu/e-commerce/src/database/mysql/sequelize.js","statementMap":{"0":{"start":{"line":1,"column":28},"end":{"line":1,"column":48}},"1":{"start":{"line":3,"column":13},"end":{"line":3,"column":153}},"2":{"start":{"line":4,"column":14},"end":{"line":4,"column":25}},"3":{"start":{"line":6,"column":13},"end":{"line":16,"column":1}},"4":{"start":{"line":18,"column":18},"end":{"line":18,"column":20}},"5":{"start":{"line":20,"column":0},"end":{"line":22,"column":2}},"6":{"start":{"line":21,"column":4},"end":{"line":21,"column":101}},"7":{"start":{"line":24,"column":0},"end":{"line":27,"column":2}},"8":{"start":{"line":29,"column":0},"end":{"line":32,"column":2}},"9":{"start":{"line":34,"column":0},"end":{"line":37,"column":2}},"10":{"start":{"line":39,"column":0},"end":{"line":42,"column":2}},"11":{"start":{"line":44,"column":0},"end":{"line":49,"column":2}},"12":{"start":{"line":51,"column":0},"end":{"line":56,"column":2}},"13":{"start":{"line":58,"column":0},"end":{"line":63,"column":2}},"14":{"start":{"line":65,"column":0},"end":{"line":70,"column":2}},"15":{"start":{"line":72,"column":0},"end":{"line":75,"column":2}},"16":{"start":{"line":77,"column":0},"end":{"line":79,"column":2}},"17":{"start":{"line":81,"column":0},"end":{"line":83,"column":2}},"18":{"start":{"line":85,"column":13},"end":{"line":87,"column":1}},"19":{"start":{"line":86,"column":4},"end":{"line":86,"column":31}},"20":{"start":{"line":89,"column":0},"end":{"line":91,"column":2}},"21":{"start":{"line":90,"column":4},"end":{"line":90,"column":54}},"22":{"start":{"line":93,"column":0},"end":{"line":93,"column":28}},"23":{"start":{"line":94,"column":0},"end":{"line":94,"column":28}}},"fnMap":{"0":{"name":"(anonymous_0)","decl":{"start":{"line":20,"column":15},"end":{"line":20,"column":16}},"loc":{"start":{"line":20,"column":24},"end":{"line":22,"column":1}},"line":20},"1":{"name":"(anonymous_1)","decl":{"start":{"line":85,"column":13},"end":{"line":85,"column":14}},"loc":{"start":{"line":85,"column":28},"end":{"line":87,"column":1}},"line":85},"2":{"name":"(anonymous_2)","decl":{"start":{"line":89,"column":15},"end":{"line":89,"column":16}},"loc":{"start":{"line":89,"column":24},"end":{"line":91,"column":1}},"line":89}},"branchMap":{},"s":{"0":5,"1":5,"2":5,"3":5,"4":5,"5":5,"6":45,"7":5,"8":5,"9":5,"10":5,"11":5,"12":5,"13":5,"14":5,"15":5,"16":5,"17":5,"18":5,"19":0,"20":5,"21":45,"22":5,"23":5},"f":{"0":45,"1":0,"2":45},"b":{},"_coverageSchema":"1a1c01bbd47fc00a2c39e90264f33305004495a9","hash":"9e40730f14e329440312844cfb04d1fd14ab5b43"}
,"/media/biohazard/New Volume/Development_Ubuntu/e-commerce/src/routes/tests/db.js": {"path":"/media/biohazard/New Volume/Development_Ubuntu/e-commerce/src/routes/tests/db.js","statementMap":{"0":{"start":{"line":1,"column":15},"end":{"line":1,"column":32}},"1":{"start":{"line":2,"column":12},"end":{"line":2,"column":35}},"2":{"start":{"line":4,"column":61},"end":{"line":4,"column":102}},"3":{"start":{"line":6,"column":20},"end":{"line":14,"column":1}},"4":{"start":{"line":16,"column":16},"end":{"line":18,"column":1}},"5":{"start":{"line":20,"column":16},"end":{"line":36,"column":1}},"6":{"start":{"line":23,"column":2},"end":{"line":23,"column":46}},"7":{"start":{"line":24,"column":2},"end":{"line":24,"column":41}},"8":{"start":{"line":27,"column":2},"end":{"line":32,"column":5}},"9":{"start":{"line":35,"column":2},"end":{"line":35,"column":55}},"10":{"start":{"line":38,"column":0},"end":{"line":38,"column":51}}},"fnMap":{"0":{"name":"(anonymous_0)","decl":{"start":{"line":20,"column":16},"end":{"line":20,"column":17}},"loc":{"start":{"line":20,"column":28},"end":{"line":36,"column":1}},"line":20}},"branchMap":{},"s":{"0":2,"1":2,"2":2,"3":2,"4":2,"5":2,"6":2,"7":2,"8":2,"9":2,"10":2},"f":{"0":2},"b":{},"_coverageSchema":"1a1c01bbd47fc00a2c39e90264f33305004495a9","hash":"9ccaf42cb186c592071e56dc2b7865b7ad5f827f"}
,"/media/biohazard/New Volume/Development_Ubuntu/e-commerce/src/services/cartService.js": {"path":"/media/biohazard/New Volume/Development_Ubuntu/e-commerce/src/services/cartService.js","statementMap":{"0":{"start":{"line":1,"column":15},"end":{"line":1,"column":50}},"1":{"start":{"line":2,"column":15},"end":{"line":2,"column":37}},"2":{"start":{"line":3,"column":19},"end":{"line":3,"column":57}},"3":{"start":{"line":4,"column":60},"end":{"line":4,"column":98}},"4":{"start":{"line":6,"column":20},"end":{"line":325,"column":1}},"5":{"start":{"line":8,"column":28},"end":{"line":8,"column":56}},"6":{"start":{"line":9,"column":8},"end":{"line":12,"column":9}},"7":{"start":{"line":10,"column":12},"end":{"line":10,"column":77}},"8":{"start":{"line":11,"column":12},"end":{"line":11,"column":70}},"9":{"start":{"line":13,"column":8},"end":{"line":13,"column":88}},"10":{"start":{"line":14,"column":8},"end":{"line":14,"column":88}},"11":{"start":{"line":18,"column":35},"end":{"line":18,"column":59}},"12":{"start":{"line":19,"column":8},"end":{"line":19,"column":36}},"13":{"start":{"line":19,"column":17},"end":{"line":19,"column":36}},"14":{"start":{"line":21,"column":37},"end":{"line":21,"column":83}},"15":{"start":{"line":23,"column":8},"end":{"line":27,"column":9}},"16":{"start":{"line":24,"column":12},"end":{"line":24,"column":32}},"17":{"start":{"line":25,"column":12},"end":{"line":25,"column":41}},"18":{"start":{"line":26,"column":12},"end":{"line":26,"column":43}},"19":{"start":{"line":29,"column":8},"end":{"line":46,"column":9}},"20":{"start":{"line":30,"column":12},"end":{"line":30,"column":61}},"21":{"start":{"line":31,"column":12},"end":{"line":31,"column":60}},"22":{"start":{"line":32,"column":25},"end":{"line":32,"column":92}},"23":{"start":{"line":33,"column":12},"end":{"line":37,"column":13}},"24":{"start":{"line":34,"column":16},"end":{"line":34,"column":45}},"25":{"start":{"line":35,"column":16},"end":{"line":35,"column":37}},"26":{"start":{"line":36,"column":16},"end":{"line":36,"column":30}},"27":{"start":{"line":39,"column":12},"end":{"line":39,"column":88}},"28":{"start":{"line":41,"column":12},"end":{"line":45,"column":13}},"29":{"start":{"line":42,"column":16},"end":{"line":42,"column":45}},"30":{"start":{"line":43,"column":16},"end":{"line":43,"column":43}},"31":{"start":{"line":44,"column":16},"end":{"line":44,"column":30}},"32":{"start":{"line":48,"column":8},"end":{"line":48,"column":35}},"33":{"start":{"line":49,"column":8},"end":{"line":51,"column":10}},"34":{"start":{"line":53,"column":8},"end":{"line":53,"column":59}},"35":{"start":{"line":57,"column":28},"end":{"line":73,"column":9}},"36":{"start":{"line":75,"column":8},"end":{"line":82,"column":9}},"37":{"start":{"line":76,"column":12},"end":{"line":76,"column":100}},"38":{"start":{"line":77,"column":12},"end":{"line":81,"column":14}},"39":{"start":{"line":84,"column":8},"end":{"line":85,"column":93}},"40":{"start":{"line":85,"column":12},"end":{"line":85,"column":93}},"41":{"start":{"line":87,"column":8},"end":{"line":87,"column":78}},"42":{"start":{"line":88,"column":8},"end":{"line":88,"column":50}},"43":{"start":{"line":92,"column":8},"end":{"line":92,"column":64}},"44":{"start":{"line":93,"column":25},"end":{"line":93,"column":26}},"45":{"start":{"line":94,"column":21},"end":{"line":94,"column":65}},"46":{"start":{"line":96,"column":8},"end":{"line":111,"column":9}},"47":{"start":{"line":97,"column":12},"end":{"line":97,"column":85}},"48":{"start":{"line":98,"column":15},"end":{"line":111,"column":9}},"49":{"start":{"line":103,"column":12},"end":{"line":103,"column":27}},"50":{"start":{"line":105,"column":12},"end":{"line":110,"column":15}},"51":{"start":{"line":106,"column":31},"end":{"line":106,"column":88}},"52":{"start":{"line":107,"column":28},"end":{"line":107,"column":64}},"53":{"start":{"line":109,"column":16},"end":{"line":109,"column":47}},"54":{"start":{"line":113,"column":8},"end":{"line":113,"column":84}},"55":{"start":{"line":114,"column":8},"end":{"line":114,"column":22}},"56":{"start":{"line":118,"column":8},"end":{"line":122,"column":9}},"57":{"start":{"line":119,"column":33},"end":{"line":119,"column":57}},"58":{"start":{"line":120,"column":12},"end":{"line":120,"column":34}},"59":{"start":{"line":120,"column":21},"end":{"line":120,"column":34}},"60":{"start":{"line":121,"column":12},"end":{"line":121,"column":32}},"61":{"start":{"line":124,"column":28},"end":{"line":137,"column":9}},"62":{"start":{"line":139,"column":8},"end":{"line":148,"column":9}},"63":{"start":{"line":140,"column":12},"end":{"line":142,"column":14}},"64":{"start":{"line":143,"column":12},"end":{"line":147,"column":14}},"65":{"start":{"line":149,"column":8},"end":{"line":158,"column":9}},"66":{"start":{"line":150,"column":12},"end":{"line":152,"column":14}},"67":{"start":{"line":153,"column":12},"end":{"line":157,"column":14}},"68":{"start":{"line":159,"column":8},"end":{"line":159,"column":93}},"69":{"start":{"line":161,"column":21},"end":{"line":161,"column":87}},"70":{"start":{"line":162,"column":8},"end":{"line":165,"column":9}},"71":{"start":{"line":163,"column":12},"end":{"line":163,"column":39}},"72":{"start":{"line":164,"column":12},"end":{"line":164,"column":26}},"73":{"start":{"line":166,"column":8},"end":{"line":170,"column":10}},"74":{"start":{"line":174,"column":28},"end":{"line":181,"column":9}},"75":{"start":{"line":182,"column":8},"end":{"line":185,"column":9}},"76":{"start":{"line":183,"column":12},"end":{"line":183,"column":90}},"77":{"start":{"line":184,"column":12},"end":{"line":184,"column":100}},"78":{"start":{"line":186,"column":8},"end":{"line":186,"column":67}},"79":{"start":{"line":187,"column":8},"end":{"line":187,"column":97}},"80":{"start":{"line":191,"column":35},"end":{"line":191,"column":59}},"81":{"start":{"line":192,"column":8},"end":{"line":192,"column":36}},"82":{"start":{"line":192,"column":17},"end":{"line":192,"column":36}},"83":{"start":{"line":194,"column":28},"end":{"line":205,"column":9}},"84":{"start":{"line":207,"column":8},"end":{"line":215,"column":9}},"85":{"start":{"line":208,"column":12},"end":{"line":208,"column":41}},"86":{"start":{"line":209,"column":12},"end":{"line":209,"column":92}},"87":{"start":{"line":210,"column":12},"end":{"line":214,"column":14}},"88":{"start":{"line":217,"column":23},"end":{"line":217,"column":92}},"89":{"start":{"line":218,"column":8},"end":{"line":220,"column":9}},"90":{"start":{"line":219,"column":12},"end":{"line":219,"column":41}},"91":{"start":{"line":222,"column":8},"end":{"line":222,"column":35}},"92":{"start":{"line":223,"column":8},"end":{"line":223,"column":22}},"93":{"start":{"line":227,"column":28},"end":{"line":234,"column":9}},"94":{"start":{"line":236,"column":8},"end":{"line":239,"column":9}},"95":{"start":{"line":237,"column":12},"end":{"line":237,"column":63}},"96":{"start":{"line":238,"column":12},"end":{"line":238,"column":93}},"97":{"start":{"line":240,"column":8},"end":{"line":243,"column":9}},"98":{"start":{"line":241,"column":12},"end":{"line":241,"column":79}},"99":{"start":{"line":242,"column":12},"end":{"line":242,"column":70}},"100":{"start":{"line":245,"column":8},"end":{"line":245,"column":44}},"101":{"start":{"line":249,"column":35},"end":{"line":249,"column":59}},"102":{"start":{"line":250,"column":8},"end":{"line":250,"column":36}},"103":{"start":{"line":250,"column":17},"end":{"line":250,"column":36}},"104":{"start":{"line":252,"column":28},"end":{"line":264,"column":9}},"105":{"start":{"line":266,"column":8},"end":{"line":276,"column":9}},"106":{"start":{"line":267,"column":12},"end":{"line":267,"column":41}},"107":{"start":{"line":268,"column":12},"end":{"line":270,"column":14}},"108":{"start":{"line":271,"column":12},"end":{"line":275,"column":14}},"109":{"start":{"line":278,"column":8},"end":{"line":286,"column":9}},"110":{"start":{"line":279,"column":12},"end":{"line":279,"column":41}},"111":{"start":{"line":280,"column":12},"end":{"line":280,"column":92}},"112":{"start":{"line":281,"column":12},"end":{"line":285,"column":14}},"113":{"start":{"line":288,"column":21},"end":{"line":288,"column":87}},"114":{"start":{"line":290,"column":8},"end":{"line":294,"column":9}},"115":{"start":{"line":291,"column":12},"end":{"line":291,"column":41}},"116":{"start":{"line":292,"column":12},"end":{"line":292,"column":39}},"117":{"start":{"line":293,"column":12},"end":{"line":293,"column":26}},"118":{"start":{"line":296,"column":8},"end":{"line":296,"column":35}},"119":{"start":{"line":297,"column":8},"end":{"line":299,"column":10}},"120":{"start":{"line":301,"column":8},"end":{"line":305,"column":10}},"121":{"start":{"line":309,"column":25},"end":{"line":315,"column":10}},"122":{"start":{"line":317,"column":8},"end":{"line":320,"column":9}},"123":{"start":{"line":318,"column":12},"end":{"line":318,"column":59}},"124":{"start":{"line":319,"column":12},"end":{"line":319,"column":62}},"125":{"start":{"line":322,"column":8},"end":{"line":322,"column":59}},"126":{"start":{"line":323,"column":8},"end":{"line":323,"column":83}},"127":{"start":{"line":327,"column":0},"end":{"line":334,"column":2}},"128":{"start":{"line":328,"column":29},"end":{"line":328,"column":59}},"129":{"start":{"line":329,"column":4},"end":{"line":332,"column":5}},"130":{"start":{"line":330,"column":8},"end":{"line":330,"column":49}},"131":{"start":{"line":331,"column":8},"end":{"line":331,"column":76}},"132":{"start":{"line":333,"column":4},"end":{"line":333,"column":38}},"133":{"start":{"line":336,"column":0},"end":{"line":361,"column":2}},"134":{"start":{"line":337,"column":24},"end":{"line":346,"column":5}},"135":{"start":{"line":347,"column":4},"end":{"line":359,"column":5}},"136":{"start":{"line":348,"column":8},"end":{"line":350,"column":10}},"137":{"start":{"line":351,"column":8},"end":{"line":357,"column":9}},"138":{"start":{"line":352,"column":12},"end":{"line":356,"column":14}},"139":{"start":{"line":358,"column":8},"end":{"line":358,"column":65}},"140":{"start":{"line":360,"column":4},"end":{"line":360,"column":39}},"141":{"start":{"line":363,"column":0},"end":{"line":363,"column":29}}},"fnMap":{"0":{"name":"(anonymous_0)","decl":{"start":{"line":7,"column":18},"end":{"line":7,"column":19}},"loc":{"start":{"line":7,"column":30},"end":{"line":15,"column":5}},"line":7},"1":{"name":"(anonymous_1)","decl":{"start":{"line":17,"column":19},"end":{"line":17,"column":20}},"loc":{"start":{"line":17,"column":44},"end":{"line":54,"column":5}},"line":17},"2":{"name":"(anonymous_2)","decl":{"start":{"line":56,"column":23},"end":{"line":56,"column":24}},"loc":{"start":{"line":56,"column":42},"end":{"line":89,"column":5}},"line":56},"3":{"name":"(anonymous_3)","decl":{"start":{"line":91,"column":18},"end":{"line":91,"column":19}},"loc":{"start":{"line":91,"column":50},"end":{"line":115,"column":5}},"line":91},"4":{"name":"(anonymous_4)","decl":{"start":{"line":105,"column":58},"end":{"line":105,"column":59}},"loc":{"start":{"line":105,"column":71},"end":{"line":110,"column":13}},"line":105},"5":{"name":"(anonymous_5)","decl":{"start":{"line":117,"column":27},"end":{"line":117,"column":28}},"loc":{"start":{"line":117,"column":65},"end":{"line":171,"column":5}},"line":117},"6":{"name":"(anonymous_6)","decl":{"start":{"line":173,"column":16},"end":{"line":173,"column":17}},"loc":{"start":{"line":173,"column":63},"end":{"line":188,"column":5}},"line":173},"7":{"name":"(anonymous_7)","decl":{"start":{"line":190,"column":15},"end":{"line":190,"column":16}},"loc":{"start":{"line":190,"column":34},"end":{"line":224,"column":5}},"line":190},"8":{"name":"(anonymous_8)","decl":{"start":{"line":226,"column":20},"end":{"line":226,"column":21}},"loc":{"start":{"line":226,"column":39},"end":{"line":246,"column":5}},"line":226},"9":{"name":"(anonymous_9)","decl":{"start":{"line":248,"column":19},"end":{"line":248,"column":20}},"loc":{"start":{"line":248,"column":44},"end":{"line":306,"column":5}},"line":248},"10":{"name":"(anonymous_10)","decl":{"start":{"line":308,"column":15},"end":{"line":308,"column":16}},"loc":{"start":{"line":308,"column":31},"end":{"line":324,"column":5}},"line":308},"11":{"name":"(anonymous_11)","decl":{"start":{"line":327,"column":19},"end":{"line":327,"column":20}},"loc":{"start":{"line":327,"column":31},"end":{"line":334,"column":1}},"line":327},"12":{"name":"(anonymous_12)","decl":{"start":{"line":336,"column":15},"end":{"line":336,"column":16}},"loc":{"start":{"line":336,"column":53},"end":{"line":361,"column":1}},"line":336}},"branchMap":{"0":{"loc":{"start":{"line":9,"column":8},"end":{"line":12,"column":9}},"type":"if","locations":[{"start":{"line":9,"column":8},"end":{"line":12,"column":9}},{"start":{"line":9,"column":8},"end":{"line":12,"column":9}}],"line":9},"1":{"loc":{"start":{"line":19,"column":8},"end":{"line":19,"column":36}},"type":"if","locations":[{"start":{"line":19,"column":8},"end":{"line":19,"column":36}},{"start":{"line":19,"column":8},"end":{"line":19,"column":36}}],"line":19},"2":{"loc":{"start":{"line":23,"column":8},"end":{"line":27,"column":9}},"type":"if","locations":[{"start":{"line":23,"column":8},"end":{"line":27,"column":9}},{"start":{"line":23,"column":8},"end":{"line":27,"column":9}}],"line":23},"3":{"loc":{"start":{"line":29,"column":8},"end":{"line":46,"column":9}},"type":"if","locations":[{"start":{"line":29,"column":8},"end":{"line":46,"column":9}},{"start":{"line":29,"column":8},"end":{"line":46,"column":9}}],"line":29},"4":{"loc":{"start":{"line":33,"column":12},"end":{"line":37,"column":13}},"type":"if","locations":[{"start":{"line":33,"column":12},"end":{"line":37,"column":13}},{"start":{"line":33,"column":12},"end":{"line":37,"column":13}}],"line":33},"5":{"loc":{"start":{"line":41,"column":12},"end":{"line":45,"column":13}},"type":"if","locations":[{"start":{"line":41,"column":12},"end":{"line":45,"column":13}},{"start":{"line":41,"column":12},"end":{"line":45,"column":13}}],"line":41},"6":{"loc":{"start":{"line":75,"column":8},"end":{"line":82,"column":9}},"type":"if","locations":[{"start":{"line":75,"column":8},"end":{"line":82,"column":9}},{"start":{"line":75,"column":8},"end":{"line":82,"column":9}}],"line":75},"7":{"loc":{"start":{"line":84,"column":8},"end":{"line":85,"column":93}},"type":"if","locations":[{"start":{"line":84,"column":8},"end":{"line":85,"column":93}},{"start":{"line":84,"column":8},"end":{"line":85,"column":93}}],"line":84},"8":{"loc":{"start":{"line":96,"column":8},"end":{"line":111,"column":9}},"type":"if","locations":[{"start":{"line":96,"column":8},"end":{"line":111,"column":9}},{"start":{"line":96,"column":8},"end":{"line":111,"column":9}}],"line":96},"9":{"loc":{"start":{"line":98,"column":15},"end":{"line":111,"column":9}},"type":"if","locations":[{"start":{"line":98,"column":15},"end":{"line":111,"column":9}},{"start":{"line":98,"column":15},"end":{"line":111,"column":9}}],"line":98},"10":{"loc":{"start":{"line":99,"column":12},"end":{"line":101,"column":55}},"type":"binary-expr","locations":[{"start":{"line":99,"column":12},"end":{"line":99,"column":56}},{"start":{"line":100,"column":12},"end":{"line":100,"column":51}},{"start":{"line":101,"column":12},"end":{"line":101,"column":55}}],"line":99},"11":{"loc":{"start":{"line":118,"column":8},"end":{"line":122,"column":9}},"type":"if","locations":[{"start":{"line":118,"column":8},"end":{"line":122,"column":9}},{"start":{"line":118,"column":8},"end":{"line":122,"column":9}}],"line":118},"12":{"loc":{"start":{"line":120,"column":12},"end":{"line":120,"column":34}},"type":"if","locations":[{"start":{"line":120,"column":12},"end":{"line":120,"column":34}},{"start":{"line":120,"column":12},"end":{"line":120,"column":34}}],"line":120},"13":{"loc":{"start":{"line":139,"column":8},"end":{"line":148,"column":9}},"type":"if","locations":[{"start":{"line":139,"column":8},"end":{"line":148,"column":9}},{"start":{"line":139,"column":8},"end":{"line":148,"column":9}}],"line":139},"14":{"loc":{"start":{"line":149,"column":8},"end":{"line":158,"column":9}},"type":"if","locations":[{"start":{"line":149,"column":8},"end":{"line":158,"column":9}},{"start":{"line":149,"column":8},"end":{"line":158,"column":9}}],"line":149},"15":{"loc":{"start":{"line":162,"column":8},"end":{"line":165,"column":9}},"type":"if","locations":[{"start":{"line":162,"column":8},"end":{"line":165,"column":9}},{"start":{"line":162,"column":8},"end":{"line":165,"column":9}}],"line":162},"16":{"loc":{"start":{"line":182,"column":8},"end":{"line":185,"column":9}},"type":"if","locations":[{"start":{"line":182,"column":8},"end":{"line":185,"column":9}},{"start":{"line":182,"column":8},"end":{"line":185,"column":9}}],"line":182},"17":{"loc":{"start":{"line":182,"column":12},"end":{"line":182,"column":31}},"type":"binary-expr","locations":[{"start":{"line":182,"column":12},"end":{"line":182,"column":17}},{"start":{"line":182,"column":21},"end":{"line":182,"column":31}}],"line":182},"18":{"loc":{"start":{"line":192,"column":8},"end":{"line":192,"column":36}},"type":"if","locations":[{"start":{"line":192,"column":8},"end":{"line":192,"column":36}},{"start":{"line":192,"column":8},"end":{"line":192,"column":36}}],"line":192},"19":{"loc":{"start":{"line":207,"column":8},"end":{"line":215,"column":9}},"type":"if","locations":[{"start":{"line":207,"column":8},"end":{"line":215,"column":9}},{"start":{"line":207,"column":8},"end":{"line":215,"column":9}}],"line":207},"20":{"loc":{"start":{"line":218,"column":8},"end":{"line":220,"column":9}},"type":"if","locations":[{"start":{"line":218,"column":8},"end":{"line":220,"column":9}},{"start":{"line":218,"column":8},"end":{"line":220,"column":9}}],"line":218},"21":{"loc":{"start":{"line":236,"column":8},"end":{"line":239,"column":9}},"type":"if","locations":[{"start":{"line":236,"column":8},"end":{"line":239,"column":9}},{"start":{"line":236,"column":8},"end":{"line":239,"column":9}}],"line":236},"22":{"loc":{"start":{"line":240,"column":8},"end":{"line":243,"column":9}},"type":"if","locations":[{"start":{"line":240,"column":8},"end":{"line":243,"column":9}},{"start":{"line":240,"column":8},"end":{"line":243,"column":9}}],"line":240},"23":{"loc":{"start":{"line":250,"column":8},"end":{"line":250,"column":36}},"type":"if","locations":[{"start":{"line":250,"column":8},"end":{"line":250,"column":36}},{"start":{"line":250,"column":8},"end":{"line":250,"column":36}}],"line":250},"24":{"loc":{"start":{"line":266,"column":8},"end":{"line":276,"column":9}},"type":"if","locations":[{"start":{"line":266,"column":8},"end":{"line":276,"column":9}},{"start":{"line":266,"column":8},"end":{"line":276,"column":9}}],"line":266},"25":{"loc":{"start":{"line":278,"column":8},"end":{"line":286,"column":9}},"type":"if","locations":[{"start":{"line":278,"column":8},"end":{"line":286,"column":9}},{"start":{"line":278,"column":8},"end":{"line":286,"column":9}}],"line":278},"26":{"loc":{"start":{"line":290,"column":8},"end":{"line":294,"column":9}},"type":"if","locations":[{"start":{"line":290,"column":8},"end":{"line":294,"column":9}},{"start":{"line":290,"column":8},"end":{"line":294,"column":9}}],"line":290},"27":{"loc":{"start":{"line":317,"column":8},"end":{"line":320,"column":9}},"type":"if","locations":[{"start":{"line":317,"column":8},"end":{"line":320,"column":9}},{"start":{"line":317,"column":8},"end":{"line":320,"column":9}}],"line":317},"28":{"loc":{"start":{"line":329,"column":4},"end":{"line":332,"column":5}},"type":"if","locations":[{"start":{"line":329,"column":4},"end":{"line":332,"column":5}},{"start":{"line":329,"column":4},"end":{"line":332,"column":5}}],"line":329},"29":{"loc":{"start":{"line":347,"column":4},"end":{"line":359,"column":5}},"type":"if","locations":[{"start":{"line":347,"column":4},"end":{"line":359,"column":5}},{"start":{"line":347,"column":4},"end":{"line":359,"column":5}}],"line":347},"30":{"loc":{"start":{"line":351,"column":8},"end":{"line":357,"column":9}},"type":"if","locations":[{"start":{"line":351,"column":8},"end":{"line":357,"column":9}},{"start":{"line":351,"column":8},"end":{"line":357,"column":9}}],"line":351},"31":{"loc":{"start":{"line":351,"column":12},"end":{"line":351,"column":74}},"type":"binary-expr","locations":[{"start":{"line":351,"column":12},"end":{"line":351,"column":24}},{"start":{"line":351,"column":28},"end":{"line":351,"column":74}}],"line":351}},"s":{"0":5,"1":5,"2":5,"3":5,"4":5,"5":1,"6":1,"7":0,"8":0,"9":1,"10":1,"11":2,"12":2,"13":0,"14":2,"15":2,"16":1,"17":1,"18":1,"19":1,"20":0,"21":0,"22":0,"23":0,"24":0,"25":0,"26":0,"27":1,"28":1,"29":0,"30":0,"31":0,"32":1,"33":1,"34":1,"35":3,"36":3,"37":0,"38":0,"39":3,"40":0,"41":3,"42":3,"43":3,"44":3,"45":3,"46":3,"47":0,"48":3,"49":1,"50":2,"51":2,"52":2,"53":2,"54":3,"55":3,"56":3,"57":3,"58":3,"59":0,"60":3,"61":3,"62":3,"63":0,"64":0,"65":3,"66":2,"67":2,"68":1,"69":1,"70":1,"71":0,"72":0,"73":1,"74":4,"75":4,"76":0,"77":0,"78":4,"79":4,"80":1,"81":1,"82":0,"83":1,"84":1,"85":0,"86":0,"87":0,"88":1,"89":1,"90":0,"91":1,"92":1,"93":1,"94":1,"95":0,"96":0,"97":1,"98":0,"99":0,"100":1,"101":1,"102":1,"103":0,"104":1,"105":1,"106":0,"107":0,"108":0,"109":1,"110":0,"111":0,"112":0,"113":1,"114":1,"115":0,"116":0,"117":0,"118":1,"119":1,"120":1,"121":1,"122":1,"123":0,"124":0,"125":1,"126":1,"127":5,"128":0,"129":0,"130":0,"131":0,"132":0,"133":5,"134":2,"135":2,"136":1,"137":1,"138":1,"139":0,"140":1,"141":5},"f":{"0":1,"1":2,"2":3,"3":3,"4":2,"5":3,"6":4,"7":1,"8":1,"9":1,"10":1,"11":0,"12":2},"b":{"0":[0,1],"1":[0,2],"2":[1,1],"3":[0,1],"4":[0,0],"5":[0,1],"6":[0,3],"7":[0,3],"8":[0,3],"9":[1,2],"10":[3,3,3],"11":[3,0],"12":[0,3],"13":[0,3],"14":[2,1],"15":[0,1],"16":[0,4],"17":[4,4],"18":[0,1],"19":[0,1],"20":[0,1],"21":[0,1],"22":[0,1],"23":[0,1],"24":[0,1],"25":[0,1],"26":[0,1],"27":[0,1],"28":[0,0],"29":[1,1],"30":[1,0],"31":[1,1]},"_coverageSchema":"1a1c01bbd47fc00a2c39e90264f33305004495a9","hash":"8eac30aff332bbc2c671aeb69d0971e138a9139a"}
}
