TN:
SF:src/app.js
FNF:0
FNH:0
DA:1,5
DA:2,5
DA:3,5
DA:4,5
DA:5,5
DA:6,5
DA:7,5
DA:8,5
DA:10,5
DA:12,5
DA:13,5
DA:20,5
DA:21,5
DA:22,5
DA:23,5
DA:24,5
DA:25,5
DA:26,5
DA:28,5
LF:19
LH:19
BRF:0
BRH:0
end_of_record
TN:
SF:src/database/mysql/sequelize.js
FN:20,(anonymous_0)
FN:85,(anonymous_1)
FN:89,(anonymous_2)
FNF:3
FNH:2
FNDA:45,(anonymous_0)
FNDA:0,(anonymous_1)
FNDA:45,(anonymous_2)
DA:1,5
DA:3,5
DA:4,5
DA:6,5
DA:18,5
DA:20,5
DA:21,45
DA:24,5
DA:29,5
DA:34,5
DA:39,5
DA:44,5
DA:51,5
DA:58,5
DA:65,5
DA:72,5
DA:77,5
DA:81,5
DA:85,5
DA:86,0
DA:89,5
DA:90,45
DA:93,5
DA:94,5
LF:24
LH:23
BRF:0
BRH:0
end_of_record
TN:
SF:src/routes/tests/db.js
FN:20,(anonymous_0)
FNF:1
FNH:1
FNDA:2,(anonymous_0)
DA:1,2
DA:2,2
DA:4,2
DA:6,2
DA:16,2
DA:20,2
DA:23,2
DA:24,2
DA:27,2
DA:35,2
DA:38,2
LF:11
LH:11
BRF:0
BRH:0
end_of_record
TN:
SF:src/services/cartService.js
FN:7,(anonymous_0)
FN:17,(anonymous_1)
FN:56,(anonymous_2)
FN:91,(anonymous_3)
FN:105,(anonymous_4)
FN:117,(anonymous_5)
FN:173,(anonymous_6)
FN:190,(anonymous_7)
FN:226,(anonymous_8)
FN:248,(anonymous_9)
FN:308,(anonymous_10)
FN:327,(anonymous_11)
FN:336,(anonymous_12)
FNF:13
FNH:12
FNDA:1,(anonymous_0)
FNDA:2,(anonymous_1)
FNDA:3,(anonymous_2)
FNDA:3,(anonymous_3)
FNDA:2,(anonymous_4)
FNDA:3,(anonymous_5)
FNDA:4,(anonymous_6)
FNDA:1,(anonymous_7)
FNDA:1,(anonymous_8)
FNDA:1,(anonymous_9)
FNDA:1,(anonymous_10)
FNDA:0,(anonymous_11)
FNDA:2,(anonymous_12)
DA:1,5
DA:2,5
DA:3,5
DA:4,5
DA:6,5
DA:8,1
DA:9,1
DA:10,0
DA:11,0
DA:13,1
DA:14,1
DA:18,2
DA:19,2
DA:21,2
DA:23,2
DA:24,1
DA:25,1
DA:26,1
DA:29,1
DA:30,0
DA:31,0
DA:32,0
DA:33,0
DA:34,0
DA:35,0
DA:36,0
DA:39,1
DA:41,1
DA:42,0
DA:43,0
DA:44,0
DA:48,1
DA:49,1
DA:53,1
DA:57,3
DA:75,3
DA:76,0
DA:77,0
DA:84,3
DA:85,0
DA:87,3
DA:88,3
DA:92,3
DA:93,3
DA:94,3
DA:96,3
DA:97,0
DA:98,3
DA:103,1
DA:105,2
DA:106,2
DA:107,2
DA:109,2
DA:113,3
DA:114,3
DA:118,3
DA:119,3
DA:120,3
DA:121,3
DA:124,3
DA:139,3
DA:140,0
DA:143,0
DA:149,3
DA:150,2
DA:153,2
DA:159,1
DA:161,1
DA:162,1
DA:163,0
DA:164,0
DA:166,1
DA:174,4
DA:182,4
DA:183,0
DA:184,0
DA:186,4
DA:187,4
DA:191,1
DA:192,1
DA:194,1
DA:207,1
DA:208,0
DA:209,0
DA:210,0
DA:217,1
DA:218,1
DA:219,0
DA:222,1
DA:223,1
DA:227,1
DA:236,1
DA:237,0
DA:238,0
DA:240,1
DA:241,0
DA:242,0
DA:245,1
DA:249,1
DA:250,1
DA:252,1
DA:266,1
DA:267,0
DA:268,0
DA:271,0
DA:278,1
DA:279,0
DA:280,0
DA:281,0
DA:288,1
DA:290,1
DA:291,0
DA:292,0
DA:293,0
DA:296,1
DA:297,1
DA:301,1
DA:309,1
DA:317,1
DA:318,0
DA:319,0
DA:322,1
DA:323,1
DA:327,5
DA:328,0
DA:329,0
DA:330,0
DA:331,0
DA:333,0
DA:336,5
DA:337,2
DA:347,2
DA:348,1
DA:351,1
DA:352,1
DA:358,0
DA:360,1
DA:363,5
LF:138
LH:91
BRDA:9,0,0,0
BRDA:9,0,1,1
BRDA:19,1,0,0
BRDA:19,1,1,2
BRDA:23,2,0,1
BRDA:23,2,1,1
BRDA:29,3,0,0
BRDA:29,3,1,1
BRDA:33,4,0,0
BRDA:33,4,1,0
BRDA:41,5,0,0
BRDA:41,5,1,1
BRDA:75,6,0,0
BRDA:75,6,1,3
BRDA:84,7,0,0
BRDA:84,7,1,3
BRDA:96,8,0,0
BRDA:96,8,1,3
BRDA:98,9,0,1
BRDA:98,9,1,2
BRDA:99,10,0,3
BRDA:99,10,1,3
BRDA:99,10,2,3
BRDA:118,11,0,3
BRDA:118,11,1,0
BRDA:120,12,0,0
BRDA:120,12,1,3
BRDA:139,13,0,0
BRDA:139,13,1,3
BRDA:149,14,0,2
BRDA:149,14,1,1
BRDA:162,15,0,0
BRDA:162,15,1,1
BRDA:182,16,0,0
BRDA:182,16,1,4
BRDA:182,17,0,4
BRDA:182,17,1,4
BRDA:192,18,0,0
BRDA:192,18,1,1
BRDA:207,19,0,0
BRDA:207,19,1,1
BRDA:218,20,0,0
BRDA:218,20,1,1
BRDA:236,21,0,0
BRDA:236,21,1,1
BRDA:240,22,0,0
BRDA:240,22,1,1
BRDA:250,23,0,0
BRDA:250,23,1,1
BRDA:266,24,0,0
BRDA:266,24,1,1
BRDA:278,25,0,0
BRDA:278,25,1,1
BRDA:290,26,0,0
BRDA:290,26,1,1
BRDA:317,27,0,0
BRDA:317,27,1,1
BRDA:329,28,0,0
BRDA:329,28,1,0
BRDA:347,29,0,1
BRDA:347,29,1,1
BRDA:351,30,0,1
BRDA:351,30,1,0
BRDA:351,31,0,1
BRDA:351,31,1,1
BRF:65
BRH:38
end_of_record
